[0.756s] DEBUG:colcon:Command line arguments: ['/usr/bin/colcon', 'build']
[0.756s] DEBUG:colcon:Parsed command line arguments: Namespace(log_base=None, log_level=None, verb_name='build', build_base='build', install_base='install', merge_install=False, symlink_install=False, test_result_base=None, continue_on_error=False, executor='parallel', parallel_workers=8, event_handlers=None, ignore_user_meta=False, metas=['./colcon.meta'], base_paths=['.'], packages_ignore=None, packages_ignore_regex=None, paths=None, packages_up_to=None, packages_up_to_regex=None, packages_above=None, packages_above_and_dependencies=None, packages_above_depth=None, packages_select_by_dep=None, packages_skip_by_dep=None, packages_skip_up_to=None, packages_select_build_failed=False, packages_skip_build_finished=False, packages_select_test_failures=False, packages_skip_test_passed=False, packages_select=None, packages_skip=None, packages_select_regex=None, packages_skip_regex=None, packages_start=None, packages_end=None, allow_overriding=[], cmake_args=None, cmake_target=None, cmake_target_skip_unavailable=False, cmake_clean_cache=False, cmake_clean_first=False, cmake_force_configure=False, ament_cmake_args=None, catkin_cmake_args=None, catkin_skip_building_tests=False, mixin_files=None, mixin=None, verb_parser=<colcon_mixin.mixin.mixin_argument.MixinArgumentDecorator object at 0x7c37bfaf34a0>, verb_extension=<colcon_core.verb.build.BuildVerb object at 0x7c37bfaf3fb0>, main=<bound method BuildVerb.main of <colcon_core.verb.build.BuildVerb object at 0x7c37bfaf3fb0>>, mixin_verb=('build',))
[0.928s] Level 1:colcon.colcon_core.package_discovery:discover_packages(colcon_meta) check parameters
[0.928s] Level 1:colcon.colcon_core.package_discovery:discover_packages(recursive) check parameters
[0.928s] Level 1:colcon.colcon_core.package_discovery:discover_packages(ignore) check parameters
[0.929s] Level 1:colcon.colcon_core.package_discovery:discover_packages(path) check parameters
[0.929s] Level 1:colcon.colcon_core.package_discovery:discover_packages(colcon_meta) discover
[0.929s] Level 1:colcon.colcon_core.package_discovery:discover_packages(recursive) discover
[0.929s] INFO:colcon.colcon_core.package_discovery:Crawling recursively for packages in '/home/michael/Projects/ROS2-PickAndPlaceRobot/src/pick_place_robot/pick_place_robot'
[0.929s] Level 1:colcon.colcon_core.package_identification:_identify(.) by extensions ['ignore', 'ignore_ament_install']
[0.929s] Level 1:colcon.colcon_core.package_identification:_identify(.) by extension 'ignore'
[0.930s] Level 1:colcon.colcon_core.package_identification:_identify(.) by extension 'ignore_ament_install'
[0.930s] Level 1:colcon.colcon_core.package_identification:_identify(.) by extensions ['colcon_pkg']
[0.930s] Level 1:colcon.colcon_core.package_identification:_identify(.) by extension 'colcon_pkg'
[0.930s] Level 1:colcon.colcon_core.package_identification:_identify(.) by extensions ['colcon_meta']
[0.930s] Level 1:colcon.colcon_core.package_identification:_identify(.) by extension 'colcon_meta'
[0.930s] Level 1:colcon.colcon_core.package_identification:_identify(.) by extensions ['ros']
[0.930s] Level 1:colcon.colcon_core.package_identification:_identify(.) by extension 'ros'
[1.015s] Level 1:colcon.colcon_core.package_identification:_identify(.) by extensions ['cmake', 'python']
[1.015s] Level 1:colcon.colcon_core.package_identification:_identify(.) by extension 'cmake'
[1.015s] Level 1:colcon.colcon_core.package_identification:_identify(.) by extension 'python'
[1.015s] Level 1:colcon.colcon_core.package_identification:_identify(.) by extensions ['python_setup_py']
[1.015s] Level 1:colcon.colcon_core.package_identification:_identify(.) by extension 'python_setup_py'
[1.015s] Level 1:colcon.colcon_core.package_identification:_identify(build) by extensions ['ignore', 'ignore_ament_install']
[1.016s] Level 1:colcon.colcon_core.package_identification:_identify(build) by extension 'ignore'
[1.016s] Level 1:colcon.colcon_core.package_identification:_identify(build) ignored
[1.016s] Level 1:colcon.colcon_core.package_identification:_identify(install) by extensions ['ignore', 'ignore_ament_install']
[1.018s] Level 1:colcon.colcon_core.package_identification:_identify(install) by extension 'ignore'
[1.018s] Level 1:colcon.colcon_core.package_identification:_identify(install) ignored
[1.019s] Level 1:colcon.colcon_core.package_identification:_identify(log) by extensions ['ignore', 'ignore_ament_install']
[1.020s] Level 1:colcon.colcon_core.package_identification:_identify(log) by extension 'ignore'
[1.021s] Level 1:colcon.colcon_core.package_identification:_identify(log) ignored
[1.021s] Level 1:colcon.colcon_core.package_discovery:discover_packages(recursive) using defaults
[1.021s] Level 1:colcon.colcon_core.package_discovery:discover_packages(ignore) discover
[1.022s] Level 1:colcon.colcon_core.package_discovery:discover_packages(ignore) using defaults
[1.022s] Level 1:colcon.colcon_core.package_discovery:discover_packages(path) discover
[1.022s] Level 1:colcon.colcon_core.package_discovery:discover_packages(path) using defaults
[1.087s] Level 1:colcon.colcon_core.package_discovery:discover_packages(prefix_path) check parameters
[1.088s] Level 1:colcon.colcon_core.package_discovery:discover_packages(prefix_path) discover
[1.098s] DEBUG:colcon.colcon_installed_package_information.package_discovery:Found 4 installed packages in /home/michael/Projects/ROS2-PickAndPlaceRobot/install
[1.104s] DEBUG:colcon.colcon_installed_package_information.package_discovery:Found 414 installed packages in /opt/ros/jazzy
[1.112s] Level 1:colcon.colcon_core.package_discovery:discover_packages(prefix_path) using defaults
[1.497s] INFO:colcon.colcon_core.executor:Executing jobs using 'parallel' executor
[1.499s] DEBUG:colcon.colcon_parallel_executor.executor.parallel:run_until_complete
[1.499s] DEBUG:colcon.colcon_parallel_executor.executor.parallel:closing loop
[1.500s] DEBUG:colcon.colcon_parallel_executor.executor.parallel:loop closed
[1.500s] DEBUG:colcon.colcon_parallel_executor.executor.parallel:run_until_complete finished with '0'
[1.500s] DEBUG:colcon.colcon_core.event_reactor:joining thread
[1.696s] INFO:colcon.colcon_core.plugin_system:Skipping extension 'colcon_notification.desktop_notification.notify_send': Could not find 'notify-send'
[1.696s] INFO:colcon.colcon_core.plugin_system:Skipping extension 'colcon_notification.desktop_notification.terminal_notifier': Not used on non-Darwin systems
[1.696s] INFO:colcon.colcon_core.plugin_system:Skipping extension 'colcon_notification.desktop_notification.win32': Not used on non-Windows systems
[1.697s] INFO:colcon.colcon_notification.desktop_notification:Sending desktop notification using 'notify2'
[1.704s] DEBUG:colcon.colcon_notification.desktop_notification.notify2:Failed to initialize notify2: org.freedesktop.DBus.Error.ServiceUnknown: The name org.freedesktop.Notifications was not provided by any .service files
[1.705s] DEBUG:colcon.colcon_core.event_reactor:joined thread
[1.723s] INFO:colcon.colcon_core.plugin_system:Skipping extension 'colcon_core.shell.bat': Not used on non-Windows systems
[1.724s] INFO:colcon.colcon_core.shell:Creating prefix script '/home/michael/Projects/ROS2-PickAndPlaceRobot/src/pick_place_robot/pick_place_robot/install/local_setup.ps1'
[1.726s] INFO:colcon.colcon_core.shell:Creating prefix util module '/home/michael/Projects/ROS2-PickAndPlaceRobot/src/pick_place_robot/pick_place_robot/install/_local_setup_util_ps1.py'
[1.730s] INFO:colcon.colcon_core.shell:Creating prefix chain script '/home/michael/Projects/ROS2-PickAndPlaceRobot/src/pick_place_robot/pick_place_robot/install/setup.ps1'
[1.741s] INFO:colcon.colcon_core.shell:Creating prefix script '/home/michael/Projects/ROS2-PickAndPlaceRobot/src/pick_place_robot/pick_place_robot/install/local_setup.sh'
[1.743s] INFO:colcon.colcon_core.shell:Creating prefix util module '/home/michael/Projects/ROS2-PickAndPlaceRobot/src/pick_place_robot/pick_place_robot/install/_local_setup_util_sh.py'
[1.745s] INFO:colcon.colcon_core.shell:Creating prefix chain script '/home/michael/Projects/ROS2-PickAndPlaceRobot/src/pick_place_robot/pick_place_robot/install/setup.sh'
[1.748s] INFO:colcon.colcon_core.shell:Creating prefix script '/home/michael/Projects/ROS2-PickAndPlaceRobot/src/pick_place_robot/pick_place_robot/install/local_setup.bash'
[1.749s] INFO:colcon.colcon_core.shell:Creating prefix chain script '/home/michael/Projects/ROS2-PickAndPlaceRobot/src/pick_place_robot/pick_place_robot/install/setup.bash'
[1.752s] INFO:colcon.colcon_core.shell:Creating prefix script '/home/michael/Projects/ROS2-PickAndPlaceRobot/src/pick_place_robot/pick_place_robot/install/local_setup.zsh'
[1.754s] INFO:colcon.colcon_core.shell:Creating prefix chain script '/home/michael/Projects/ROS2-PickAndPlaceRobot/src/pick_place_robot/pick_place_robot/install/setup.zsh'
